<?xml version="1.0" encoding="UTF-8"?>
<!-- Generated by org.testng.reporters.JUnitXMLReporter -->
<testsuite ignored="0" hostname="VUHL-4F39273" failures="0" tests="8" name="LoginTest" time="6.095" errors="0" timestamp="2023-03-14T15:40:41 CDT">
  <testcase classname="Test.LoginTest" name="Account" time="0.277"/>
  <testcase classname="Test.LoginTest" name="AccountSearch" time="0.144"/>
  <testcase classname="Test.LoginTest" name="AccountVerify" time="0.0"/>
  <testcase classname="Test.LoginTest" name="AccountClick" time="0.57"/>
  <testcase classname="Test.LoginVerify" name="LoginVerifyAccount" time="0.0"/>
  <testcase classname="Test.LoginVerify" name="LoginVerifyAccountSearch" time="0.001"/>
  <testcase classname="Test.LoginVerify" name="LoginVerifyAccountVerify" time="0.0"/>
  <testcase classname="Test.LoginVerify" name="LoginVerifyAccountClick" time="0.001"/>
</testsuite> <!-- LoginTest -->
