<?xml version="1.0" encoding="UTF-8"?>
<testng-results ignored="0" total="4" passed="4" failed="0" skipped="0">
  <reporter-output>
  </reporter-output>
  <suite started-at="2023-05-09T11:07:34 CDT" name="Default suite" finished-at="2023-05-09T11:08:07 CDT" duration-ms="32243">
    <groups>
      <group name="PROD">
        <method signature="LoginTest.Account()[pri:0, instance:Test.LoginTest@7ec7ffd3]" name="Account" class="Test.LoginTest"/>
        <method signature="LoginTest.AccountSearch()[pri:0, instance:Test.LoginTest@7ec7ffd3]" name="AccountSearch" class="Test.LoginTest"/>
      </group> <!-- PROD -->
    </groups>
    <test started-at="2023-05-09T11:07:34 CDT" name="Default test" finished-at="2023-05-09T11:08:07 CDT" duration-ms="32243">
      <class name="Test.LoginTest">
        <test-method is-config="true" signature="setUp()[pri:0, instance:Test.LoginTest@7ec7ffd3]" started-at="2023-05-09T11:07:34 CDT" name="setUp" finished-at="2023-05-09T11:07:39 CDT" duration-ms="4554" status="PASS">
          <reporter-output>
          </reporter-output>
        </test-method> <!-- setUp -->
        <test-method is-config="true" signature="setUp()[pri:0, instance:Test.LoginTest@7ec7ffd3]" started-at="2023-05-09T11:07:39 CDT" name="setUp" finished-at="2023-05-09T11:07:43 CDT" duration-ms="3900" status="PASS">
          <reporter-output>
          </reporter-output>
        </test-method> <!-- setUp -->
        <test-method signature="Account()[pri:0, instance:Test.LoginTest@7ec7ffd3]" started-at="2023-05-09T11:07:43 CDT" name="Account" finished-at="2023-05-09T11:07:43 CDT" duration-ms="372" status="PASS">
          <reporter-output>
          </reporter-output>
        </test-method> <!-- Account -->
        <test-method is-config="true" signature="setUp()[pri:0, instance:Test.LoginTest@7ec7ffd3]" started-at="2023-05-09T11:07:43 CDT" name="setUp" finished-at="2023-05-09T11:07:48 CDT" duration-ms="4516" status="PASS">
          <reporter-output>
          </reporter-output>
        </test-method> <!-- setUp -->
        <test-method signature="AccountSearch()[pri:0, instance:Test.LoginTest@7ec7ffd3]" started-at="2023-05-09T11:07:48 CDT" name="AccountSearch" finished-at="2023-05-09T11:07:48 CDT" duration-ms="319" status="PASS">
          <reporter-output>
          </reporter-output>
        </test-method> <!-- AccountSearch -->
        <test-method is-config="true" signature="setUp()[pri:0, instance:Test.LoginTest@7ec7ffd3]" started-at="2023-05-09T11:07:48 CDT" name="setUp" finished-at="2023-05-09T11:07:55 CDT" duration-ms="6489" status="PASS">
          <reporter-output>
          </reporter-output>
        </test-method> <!-- setUp -->
        <test-method signature="AccountVerify()[pri:2, instance:Test.LoginTest@7ec7ffd3]" started-at="2023-05-09T11:07:55 CDT" name="AccountVerify" finished-at="2023-05-09T11:07:55 CDT" duration-ms="2" status="PASS">
          <reporter-output>
          </reporter-output>
        </test-method> <!-- AccountVerify -->
        <test-method is-config="true" signature="setUp()[pri:0, instance:Test.LoginTest@7ec7ffd3]" started-at="2023-05-09T11:07:55 CDT" name="setUp" finished-at="2023-05-09T11:08:04 CDT" duration-ms="9722" status="PASS">
          <reporter-output>
          </reporter-output>
        </test-method> <!-- setUp -->
        <test-method signature="AccountClick()[pri:3, instance:Test.LoginTest@7ec7ffd3]" started-at="2023-05-09T11:08:04 CDT" name="AccountClick" finished-at="2023-05-09T11:08:06 CDT" duration-ms="1713" status="PASS">
          <reporter-output>
          </reporter-output>
        </test-method> <!-- AccountClick -->
        <test-method is-config="true" signature="closeBrowser()[pri:0, instance:Test.LoginTest@7ec7ffd3]" started-at="2023-05-09T11:08:06 CDT" name="closeBrowser" finished-at="2023-05-09T11:08:07 CDT" duration-ms="608" status="PASS">
          <reporter-output>
          </reporter-output>
        </test-method> <!-- closeBrowser -->
      </class> <!-- Test.LoginTest -->
    </test> <!-- Default test -->
  </suite> <!-- Default suite -->
</testng-results>
