<?xml version="1.0" encoding="UTF-8"?>
<!-- Generated by org.testng.reporters.JUnitXMLReporter -->
<testsuite ignored="0" hostname="VUHL-4F39273" failures="0" tests="4" name="Default test" time="32.243" errors="0" timestamp="2023-05-09T11:08:07 CDT">
  <testcase classname="Test.LoginTest" name="Account" time="0.372"/>
  <testcase classname="Test.LoginTest" name="AccountSearch" time="0.319"/>
  <testcase classname="Test.LoginTest" name="AccountVerify" time="0.002"/>
  <testcase classname="Test.LoginTest" name="AccountClick" time="1.713"/>
</testsuite> <!-- Default test -->
