<?xml version="1.0" encoding="UTF-8"?>
<!-- Generated by org.testng.reporters.JUnitXMLReporter -->
<testsuite ignored="0" hostname="VUHL-4F39273" failures="0" tests="4" name="Default test" time="0.058" errors="0" timestamp="2023-03-04T16:35:18 CST">
  <testcase classname="Test.LoginVerify" name="LoginVerifyAccount" time="0.009"/>
  <testcase classname="Test.LoginVerify" name="LoginVerifyAccountSearch" time="0.001"/>
  <testcase classname="Test.LoginVerify" name="LoginVerifyAccountVerify" time="0.0"/>
  <testcase classname="Test.LoginVerify" name="LoginVerifyAccountClick" time="0.001"/>
</testsuite> <!-- Default test -->
